<?xml version="1.0" encoding="UTF-8"?>
<!-- Generated by org.testng.reporters.JUnitReportReporter -->
<testsuite hostname="Pavithra" failures="0" tests="6" name="TestSuite.InventoryTest" time="6.670" errors="0" timestamp="2025-05-15T00:16:35 IST" skipped="0">
  <testcase classname="TestSuite.InventoryTest" name="getAllMenuItems" time="5.068"/>
  <testcase classname="TestSuite.InventoryTest" name="getid3" time="0.204"/>
  <testcase classname="TestSuite.InventoryTest" name="addNewItem_HawaiianPizza" time="0.991"/>
  <testcase classname="TestSuite.InventoryTest" name="addExistsItem_HawaiianPizza" time="0.142"/>
  <testcase classname="TestSuite.InventoryTest" name="addItem_missingInfo" time="0.078"/>
  <testcase classname="TestSuite.InventoryTest" name="getLastAddedItem" time="0.187"/>
</testsuite> <!-- TestSuite.InventoryTest -->
